# JRE version: Java(TM) SE Runtime Environment (8.0_181-b13) (build 1.8.0_181-b13)
# Java VM: Java HotSpot(TM) 64-Bit Server VM (25.181-b13 mixed mode windows-amd64 compressed oops)
Heap:
 PSYoungGen      total 25600K, used 11093K [0x00000000d6500000, 0x00000000d7f80000, 0x0000000100000000)
  eden space 24064K, 42% used [0x00000000d6500000,0x00000000d6eed490,0x00000000d7c80000)
  from space 1536K, 60% used [0x00000000d7e00000,0x00000000d7ee8000,0x00000000d7f80000)
  to   space 1536K, 0% used [0x00000000d7c80000,0x00000000d7c80000,0x00000000d7e00000)
 ParOldGen       total 86016K, used 31576K [0x0000000082e00000, 0x0000000088200000, 0x00000000d6500000)
  object space 86016K, 36% used [0x0000000082e00000,0x0000000084cd61f0,0x0000000088200000)
 Metaspace       used 7142K, capacity 7219K, committed 7424K, reserved 1056768K
  class space    used 657K, capacity 688K, committed 768K, reserved 1048576K
GC Heap History (10 events):
Event: 9234.246 GC heap before
{Heap before GC invocations=58 (full 0):
 PSYoungGen      total 25600K, used 24992K [0x00000000d6500000, 0x00000000d7f80000, 0x0000000100000000)
  eden space 24064K, 100% used [0x00000000d6500000,0x00000000d7c80000,0x00000000d7c80000)
  from space 1536K, 60% used [0x00000000d7c80000,0x00000000d7d68000,0x00000000d7e00000)
  to   space 1536K, 0% used [0x00000000d7e00000,0x00000000d7e00000,0x00000000d7f80000)
 ParOldGen       total 86016K, used 29352K [0x0000000082e00000, 0x0000000088200000, 0x00000000d6500000)
  object space 86016K, 34% used [0x0000000082e00000,0x0000000084aaa1f0,0x0000000088200000)
 Metaspace       used 7142K, capacity 7219K, committed 7424K, reserved 1056768K
  class space    used 657K, capacity 688K, committed 768K, reserved 1048576K
Event: 9234.254 GC heap after
Heap after GC invocations=58 (full 0):
 PSYoungGen      total 25600K, used 928K [0x00000000d6500000, 0x00000000d7f80000, 0x0000000100000000)
  eden space 24064K, 0% used [0x00000000d6500000,0x00000000d6500000,0x00000000d7c80000)
  from space 1536K, 60% used [0x00000000d7e00000,0x00000000d7ee8000,0x00000000d7f80000)
  to   space 1536K, 0% used [0x00000000d7c80000,0x00000000d7c80000,0x00000000d7e00000)
 ParOldGen       total 86016K, used 29792K [0x0000000082e00000, 0x0000000088200000, 0x00000000d6500000)
  object space 86016K, 34% used [0x0000000082e00000,0x0000000084b181f0,0x0000000088200000)
 Metaspace       used 7142K, capacity 7219K, committed 7424K, reserved 1056768K
  class space    used 657K, capacity 688K, committed 768K, reserved 1048576K
}
Event: 9286.105 GC heap before
{Heap before GC invocations=59 (full 0):
 PSYoungGen      total 25600K, used 24992K [0x00000000d6500000, 0x00000000d7f80000, 0x0000000100000000)
  eden space 24064K, 100% used [0x00000000d6500000,0x00000000d7c80000,0x00000000d7c80000)
  from space 1536K, 60% used [0x00000000d7e00000,0x00000000d7ee8000,0x00000000d7f80000)
  to   space 1536K, 0% used [0x00000000d7c80000,0x00000000d7c80000,0x00000000d7e00000)
 ParOldGen       total 86016K, used 29792K [0x0000000082e00000, 0x0000000088200000, 0x00000000d6500000)
  object space 86016K, 34% used [0x0000000082e00000,0x0000000084b181f0,0x0000000088200000)
 Metaspace       used 7142K, capacity 7219K, committed 7424K, reserved 1056768K
  class space    used 657K, capacity 688K, committed 768K, reserved 1048576K
Event: 9286.112 GC heap after
Heap after GC invocations=59 (full 0):
 PSYoungGen      total 25600K, used 960K [0x00000000d6500000, 0x00000000d7f80000, 0x0000000100000000)
  eden space 24064K, 0% used [0x00000000d6500000,0x00000000d6500000,0x00000000d7c80000)
  from space 1536K, 62% used [0x00000000d7c80000,0x00000000d7d70000,0x00000000d7e00000)
  to   space 1536K, 0% used [0x00000000d7e00000,0x00000000d7e00000,0x00000000d7f80000)
 ParOldGen       total 86016K, used 30232K [0x0000000082e00000, 0x0000000088200000, 0x00000000d6500000)
  object space 86016K, 35% used [0x0000000082e00000,0x0000000084b861f0,0x0000000088200000)
 Metaspace       used 7142K, capacity 7219K, committed 7424K, reserved 1056768K
  class space    used 657K, capacity 688K, committed 768K, reserved 1048576K
}
Event: 9337.948 GC heap before
{Heap before GC invocations=60 (full 0):
 PSYoungGen      total 25600K, used 25024K [0x00000000d6500000, 0x00000000d7f80000, 0x0000000100000000)
  eden space 24064K, 100% used [0x00000000d6500000,0x00000000d7c80000,0x00000000d7c80000)
  from space 1536K, 62% used [0x00000000d7c80000,0x00000000d7d70000,0x00000000d7e00000)
  to   space 1536K, 0% used [0x00000000d7e00000,0x00000000d7e00000,0x00000000d7f80000)
 ParOldGen       total 86016K, used 30232K [0x0000000082e00000, 0x0000000088200000, 0x00000000d6500000)
  object space 86016K, 35% used [0x0000000082e00000,0x0000000084b861f0,0x0000000088200000)
 Metaspace       used 7142K, capacity 7219K, committed 7424K, reserved 1056768K
  class space    used 657K, capacity 688K, committed 768K, reserved 1048576K
Event: 9337.952 GC heap after
Heap after GC invocations=60 (full 0):
 PSYoungGen      total 25600K, used 960K [0x00000000d6500000, 0x00000000d7f80000, 0x0000000100000000)
  eden space 24064K, 0% used [0x00000000d6500000,0x00000000d6500000,0x00000000d7c80000)
  from space 1536K, 62% used [0x00000000d7e00000,0x00000000d7ef0000,0x00000000d7f80000)
  to   space 1536K, 0% used [0x00000000d7c80000,0x00000000d7c80000,0x00000000d7e00000)
 ParOldGen       total 86016K, used 30680K [0x0000000082e00000, 0x0000000088200000, 0x00000000d6500000)
  object space 86016K, 35% used [0x0000000082e00000,0x0000000084bf61f0,0x0000000088200000)
 Metaspace       used 7142K, capacity 7219K, committed 7424K, reserved 1056768K
  class space    used 657K, capacity 688K, committed 768K, reserved 1048576K
}
Event: 9389.861 GC heap before
{Heap before GC invocations=61 (full 0):
 PSYoungGen      total 25600K, used 25024K [0x00000000d6500000, 0x00000000d7f80000, 0x0000000100000000)
  eden space 24064K, 100% used [0x00000000d6500000,0x00000000d7c80000,0x00000000d7c80000)
  from space 1536K, 62% used [0x00000000d7e00000,0x00000000d7ef0000,0x00000000d7f80000)
  to   space 1536K, 0% used [0x00000000d7c80000,0x00000000d7c80000,0x00000000d7e00000)
 ParOldGen       total 86016K, used 30680K [0x0000000082e00000, 0x0000000088200000, 0x00000000d6500000)
  object space 86016K, 35% used [0x0000000082e00000,0x0000000084bf61f0,0x0000000088200000)
 Metaspace       used 7142K, capacity 7219K, committed 7424K, reserved 1056768K
  class space    used 657K, capacity 688K, committed 768K, reserved 1048576K
Event: 9389.871 GC heap after
Heap after GC invocations=61 (full 0):
 PSYoungGen      total 25600K, used 864K [0x00000000d6500000, 0x00000000d7f80000, 0x0000000100000000)
  eden space 24064K, 0% used [0x00000000d6500000,0x00000000d6500000,0x00000000d7c80000)
  from space 1536K, 56% used [0x00000000d7c80000,0x00000000d7d58000,0x00000000d7e00000)
  to   space 1536K, 0% used [0x00000000d7e00000,0x00000000d7e00000,0x00000000d7f80000)
 ParOldGen       total 86016K, used 31128K [0x0000000082e00000, 0x0000000088200000, 0x00000000d6500000)
  object space 86016K, 36% used [0x0000000082e00000,0x0000000084c661f0,0x0000000088200000)
 Metaspace       used 7142K, capacity 7219K, committed 7424K, reserved 1056768K
  class space    used 657K, capacity 688K, committed 768K, reserved 1048576K
}
Event: 9441.721 GC heap before
{Heap before GC invocations=62 (full 0):
 PSYoungGen      total 25600K, used 24928K [0x00000000d6500000, 0x00000000d7f80000, 0x0000000100000000)
  eden space 24064K, 100% used [0x00000000d6500000,0x00000000d7c80000,0x00000000d7c80000)
  from space 1536K, 56% used [0x00000000d7c80000,0x00000000d7d58000,0x00000000d7e00000)
  to   space 1536K, 0% used [0x00000000d7e00000,0x00000000d7e00000,0x00000000d7f80000)
 ParOldGen       total 86016K, used 31128K [0x0000000082e00000, 0x0000000088200000, 0x00000000d6500000)
  object space 86016K, 36% used [0x0000000082e00000,0x0000000084c661f0,0x0000000088200000)
 Metaspace       used 7142K, capacity 7219K, committed 7424K, reserved 1056768K
  class space    used 657K, capacity 688K, committed 768K, reserved 1048576K
Event: 9441.724 GC heap after
Heap after GC invocations=62 (full 0):
 PSYoungGen      total 25600K, used 928K [0x00000000d6500000, 0x00000000d7f80000, 0x0000000100000000)
  eden space 24064K, 0% used [0x00000000d6500000,0x00000000d6500000,0x00000000d7c80000)
  from space 1536K, 60% used [0x00000000d7e00000,0x00000000d7ee8000,0x00000000d7f80000)
  to   space 1536K, 0% used [0x00000000d7c80000,0x00000000d7c80000,0x00000000d7e00000)
 ParOldGen       total 86016K, used 31576K [0x0000000082e00000, 0x0000000088200000, 0x00000000d6500000)
  object space 86016K, 36% used [0x0000000082e00000,0x0000000084cd61f0,0x0000000088200000)
 Metaspace       used 7142K, capacity 7219K, committed 7424K, reserved 1056768K
  class space    used 657K, capacity 688K, committed 768K, reserved 1048576K
}

