# JRE version: Java(TM) SE Runtime Environment (8.0_172-b11) (build 1.8.0_172-b11)
# Java VM: Java HotSpot(TM) 64-Bit Server VM (25.172-b11 mixed mode windows-amd64 compressed oops)
Heap:
 PSYoungGen      total 26624K, used 10878K [0x00000000d5f00000, 0x00000000d7b80000, 0x0000000100000000)
  eden space 24064K, 42% used [0x00000000d5f00000,0x00000000d68ef9f0,0x00000000d7680000)
  from space 2560K, 27% used [0x00000000d7900000,0x00000000d79b0000,0x00000000d7b80000)
  to   space 2560K, 0% used [0x00000000d7680000,0x00000000d7680000,0x00000000d7900000)
 ParOldGen       total 87552K, used 14775K [0x0000000081c00000, 0x0000000087180000, 0x00000000d5f00000)
  object space 87552K, 16% used [0x0000000081c00000,0x0000000082a6dd58,0x0000000087180000)
 Metaspace       used 6919K, capacity 7019K, committed 7168K, reserved 1056768K
  class space    used 643K, capacity 688K, committed 768K, reserved 1048576K
GC Heap History (10 events):
Event: 277.174 GC heap before
{Heap before GC invocations=30 (full 0):
 PSYoungGen      total 27136K, used 24768K [0x00000000d5f00000, 0x00000000d7c80000, 0x0000000100000000)
  eden space 24064K, 100% used [0x00000000d5f00000,0x00000000d7680000,0x00000000d7680000)
  from space 3072K, 22% used [0x00000000d7680000,0x00000000d7730000,0x00000000d7980000)
  to   space 3072K, 0% used [0x00000000d7980000,0x00000000d7980000,0x00000000d7c80000)
 ParOldGen       total 87552K, used 13095K [0x0000000081c00000, 0x0000000087180000, 0x00000000d5f00000)
  object space 87552K, 14% used [0x0000000081c00000,0x00000000828c9d58,0x0000000087180000)
 Metaspace       used 6919K, capacity 7019K, committed 7168K, reserved 1056768K
  class space    used 643K, capacity 688K, committed 768K, reserved 1048576K
Event: 277.177 GC heap after
Heap after GC invocations=30 (full 0):
 PSYoungGen      total 27136K, used 736K [0x00000000d5f00000, 0x00000000d7c80000, 0x0000000100000000)
  eden space 24064K, 0% used [0x00000000d5f00000,0x00000000d5f00000,0x00000000d7680000)
  from space 3072K, 23% used [0x00000000d7980000,0x00000000d7a38000,0x00000000d7c80000)
  to   space 3072K, 0% used [0x00000000d7680000,0x00000000d7680000,0x00000000d7980000)
 ParOldGen       total 87552K, used 13423K [0x0000000081c00000, 0x0000000087180000, 0x00000000d5f00000)
  object space 87552K, 15% used [0x0000000081c00000,0x000000008291bd58,0x0000000087180000)
 Metaspace       used 6919K, capacity 7019K, committed 7168K, reserved 1056768K
  class space    used 643K, capacity 688K, committed 768K, reserved 1048576K
}
Event: 284.426 GC heap before
{Heap before GC invocations=31 (full 0):
 PSYoungGen      total 27136K, used 24800K [0x00000000d5f00000, 0x00000000d7c80000, 0x0000000100000000)
  eden space 24064K, 100% used [0x00000000d5f00000,0x00000000d7680000,0x00000000d7680000)
  from space 3072K, 23% used [0x00000000d7980000,0x00000000d7a38000,0x00000000d7c80000)
  to   space 3072K, 0% used [0x00000000d7680000,0x00000000d7680000,0x00000000d7980000)
 ParOldGen       total 87552K, used 13423K [0x0000000081c00000, 0x0000000087180000, 0x00000000d5f00000)
  object space 87552K, 15% used [0x0000000081c00000,0x000000008291bd58,0x0000000087180000)
 Metaspace       used 6919K, capacity 7019K, committed 7168K, reserved 1056768K
  class space    used 643K, capacity 688K, committed 768K, reserved 1048576K
Event: 284.431 GC heap after
Heap after GC invocations=31 (full 0):
 PSYoungGen      total 27136K, used 704K [0x00000000d5f00000, 0x00000000d7c80000, 0x0000000100000000)
  eden space 24064K, 0% used [0x00000000d5f00000,0x00000000d5f00000,0x00000000d7680000)
  from space 3072K, 22% used [0x00000000d7680000,0x00000000d7730000,0x00000000d7980000)
  to   space 3072K, 0% used [0x00000000d7980000,0x00000000d7980000,0x00000000d7c80000)
 ParOldGen       total 87552K, used 13759K [0x0000000081c00000, 0x0000000087180000, 0x00000000d5f00000)
  object space 87552K, 15% used [0x0000000081c00000,0x000000008296fd58,0x0000000087180000)
 Metaspace       used 6919K, capacity 7019K, committed 7168K, reserved 1056768K
  class space    used 643K, capacity 688K, committed 768K, reserved 1048576K
}
Event: 291.450 GC heap before
{Heap before GC invocations=32 (full 0):
 PSYoungGen      total 27136K, used 24768K [0x00000000d5f00000, 0x00000000d7c80000, 0x0000000100000000)
  eden space 24064K, 100% used [0x00000000d5f00000,0x00000000d7680000,0x00000000d7680000)
  from space 3072K, 22% used [0x00000000d7680000,0x00000000d7730000,0x00000000d7980000)
  to   space 3072K, 0% used [0x00000000d7980000,0x00000000d7980000,0x00000000d7c80000)
 ParOldGen       total 87552K, used 13759K [0x0000000081c00000, 0x0000000087180000, 0x00000000d5f00000)
  object space 87552K, 15% used [0x0000000081c00000,0x000000008296fd58,0x0000000087180000)
 Metaspace       used 6919K, capacity 7019K, committed 7168K, reserved 1056768K
  class space    used 643K, capacity 688K, committed 768K, reserved 1048576K
Event: 291.458 GC heap after
Heap after GC invocations=32 (full 0):
 PSYoungGen      total 26112K, used 704K [0x00000000d5f00000, 0x00000000d7b80000, 0x0000000100000000)
  eden space 24064K, 0% used [0x00000000d5f00000,0x00000000d5f00000,0x00000000d7680000)
  from space 2048K, 34% used [0x00000000d7980000,0x00000000d7a30000,0x00000000d7b80000)
  to   space 2560K, 0% used [0x00000000d7680000,0x00000000d7680000,0x00000000d7900000)
 ParOldGen       total 87552K, used 14095K [0x0000000081c00000, 0x0000000087180000, 0x00000000d5f00000)
  object space 87552K, 16% used [0x0000000081c00000,0x00000000829c3d58,0x0000000087180000)
 Metaspace       used 6919K, capacity 7019K, committed 7168K, reserved 1056768K
  class space    used 643K, capacity 688K, committed 768K, reserved 1048576K
}
Event: 298.527 GC heap before
{Heap before GC invocations=33 (full 0):
 PSYoungGen      total 26112K, used 24768K [0x00000000d5f00000, 0x00000000d7b80000, 0x0000000100000000)
  eden space 24064K, 100% used [0x00000000d5f00000,0x00000000d7680000,0x00000000d7680000)
  from space 2048K, 34% used [0x00000000d7980000,0x00000000d7a30000,0x00000000d7b80000)
  to   space 2560K, 0% used [0x00000000d7680000,0x00000000d7680000,0x00000000d7900000)
 ParOldGen       total 87552K, used 14095K [0x0000000081c00000, 0x0000000087180000, 0x00000000d5f00000)
  object space 87552K, 16% used [0x0000000081c00000,0x00000000829c3d58,0x0000000087180000)
 Metaspace       used 6919K, capacity 7019K, committed 7168K, reserved 1056768K
  class space    used 643K, capacity 688K, committed 768K, reserved 1048576K
Event: 298.531 GC heap after
Heap after GC invocations=33 (full 0):
 PSYoungGen      total 26624K, used 672K [0x00000000d5f00000, 0x00000000d7b80000, 0x0000000100000000)
  eden space 24064K, 0% used [0x00000000d5f00000,0x00000000d5f00000,0x00000000d7680000)
  from space 2560K, 26% used [0x00000000d7680000,0x00000000d7728000,0x00000000d7900000)
  to   space 2560K, 0% used [0x00000000d7900000,0x00000000d7900000,0x00000000d7b80000)
 ParOldGen       total 87552K, used 14439K [0x0000000081c00000, 0x0000000087180000, 0x00000000d5f00000)
  object space 87552K, 16% used [0x0000000081c00000,0x0000000082a19d58,0x0000000087180000)
 Metaspace       used 6919K, capacity 7019K, committed 7168K, reserved 1056768K
  class space    used 643K, capacity 688K, committed 768K, reserved 1048576K
}
Event: 305.983 GC heap before
{Heap before GC invocations=34 (full 0):
 PSYoungGen      total 26624K, used 24736K [0x00000000d5f00000, 0x00000000d7b80000, 0x0000000100000000)
  eden space 24064K, 100% used [0x00000000d5f00000,0x00000000d7680000,0x00000000d7680000)
  from space 2560K, 26% used [0x00000000d7680000,0x00000000d7728000,0x00000000d7900000)
  to   space 2560K, 0% used [0x00000000d7900000,0x00000000d7900000,0x00000000d7b80000)
 ParOldGen       total 87552K, used 14439K [0x0000000081c00000, 0x0000000087180000, 0x00000000d5f00000)
  object space 87552K, 16% used [0x0000000081c00000,0x0000000082a19d58,0x0000000087180000)
 Metaspace       used 6919K, capacity 7019K, committed 7168K, reserved 1056768K
  class space    used 643K, capacity 688K, committed 768K, reserved 1048576K
Event: 305.991 GC heap after
Heap after GC invocations=34 (full 0):
 PSYoungGen      total 26624K, used 704K [0x00000000d5f00000, 0x00000000d7b80000, 0x0000000100000000)
  eden space 24064K, 0% used [0x00000000d5f00000,0x00000000d5f00000,0x00000000d7680000)
  from space 2560K, 27% used [0x00000000d7900000,0x00000000d79b0000,0x00000000d7b80000)
  to   space 2560K, 0% used [0x00000000d7680000,0x00000000d7680000,0x00000000d7900000)
 ParOldGen       total 87552K, used 14775K [0x0000000081c00000, 0x0000000087180000, 0x00000000d5f00000)
  object space 87552K, 16% used [0x0000000081c00000,0x0000000082a6dd58,0x0000000087180000)
 Metaspace       used 6919K, capacity 7019K, committed 7168K, reserved 1056768K
  class space    used 643K, capacity 688K, committed 768K, reserved 1048576K
}

