# JRE version: Java(TM) SE Runtime Environment (8.0_172-b11) (build 1.8.0_172-b11)
# Java VM: Java HotSpot(TM) 64-Bit Server VM (25.172-b11 mixed mode windows-amd64 compressed oops)
Heap:
 PSYoungGen      total 17408K, used 7334K [0x00000000d5f00000, 0x00000000d7980000, 0x0000000100000000)
  eden space 16896K, 40% used [0x00000000d5f00000,0x00000000d65b1b20,0x00000000d6f80000)
  from space 512K, 93% used [0x00000000d6f80000,0x00000000d6ff8000,0x00000000d7000000)
  to   space 5120K, 0% used [0x00000000d7480000,0x00000000d7480000,0x00000000d7980000)
 ParOldGen       total 59904K, used 33499K [0x0000000081c00000, 0x0000000085680000, 0x00000000d5f00000)
  object space 59904K, 55% used [0x0000000081c00000,0x0000000083cb6f30,0x0000000085680000)
 Metaspace       used 7369K, capacity 7411K, committed 7680K, reserved 1056768K
  class space    used 663K, capacity 688K, committed 768K, reserved 1048576K
GC Heap History (10 events):
Event: 872.176 GC heap before
{Heap before GC invocations=1065 (full 6):
 PSYoungGen      total 23040K, used 17616K [0x00000000d5f00000, 0x00000000d7c80000, 0x0000000100000000)
  eden space 16896K, 100% used [0x00000000d5f00000,0x00000000d6f80000,0x00000000d6f80000)
  from space 6144K, 11% used [0x00000000d7680000,0x00000000d7734008,0x00000000d7c80000)
  to   space 6656K, 0% used [0x00000000d6f80000,0x00000000d6f80000,0x00000000d7600000)
 ParOldGen       total 59904K, used 32131K [0x0000000081c00000, 0x0000000085680000, 0x00000000d5f00000)
  object space 59904K, 53% used [0x0000000081c00000,0x0000000083b60f28,0x0000000085680000)
 Metaspace       used 7369K, capacity 7411K, committed 7680K, reserved 1056768K
  class space    used 663K, capacity 688K, committed 768K, reserved 1048576K
Event: 872.239 GC heap after
Heap after GC invocations=1065 (full 6):
 PSYoungGen      total 23552K, used 512K [0x00000000d5f00000, 0x00000000d7c80000, 0x0000000100000000)
  eden space 16896K, 0% used [0x00000000d5f00000,0x00000000d5f00000,0x00000000d6f80000)
  from space 6656K, 7% used [0x00000000d6f80000,0x00000000d7000000,0x00000000d7600000)
  to   space 6656K, 0% used [0x00000000d7600000,0x00000000d7600000,0x00000000d7c80000)
 ParOldGen       total 59904K, used 32619K [0x0000000081c00000, 0x0000000085680000, 0x00000000d5f00000)
  object space 59904K, 54% used [0x0000000081c00000,0x0000000083bdaf30,0x0000000085680000)
 Metaspace       used 7369K, capacity 7411K, committed 7680K, reserved 1056768K
  class space    used 663K, capacity 688K, committed 768K, reserved 1048576K
}
Event: 879.307 GC heap before
{Heap before GC invocations=1066 (full 6):
 PSYoungGen      total 23552K, used 17408K [0x00000000d5f00000, 0x00000000d7c80000, 0x0000000100000000)
  eden space 16896K, 100% used [0x00000000d5f00000,0x00000000d6f80000,0x00000000d6f80000)
  from space 6656K, 7% used [0x00000000d6f80000,0x00000000d7000000,0x00000000d7600000)
  to   space 6656K, 0% used [0x00000000d7600000,0x00000000d7600000,0x00000000d7c80000)
 ParOldGen       total 59904K, used 32619K [0x0000000081c00000, 0x0000000085680000, 0x00000000d5f00000)
  object space 59904K, 54% used [0x0000000081c00000,0x0000000083bdaf30,0x0000000085680000)
 Metaspace       used 7369K, capacity 7411K, committed 7680K, reserved 1056768K
  class space    used 663K, capacity 688K, committed 768K, reserved 1048576K
Event: 879.358 GC heap after
Heap after GC invocations=1066 (full 6):
 PSYoungGen      total 22528K, used 480K [0x00000000d5f00000, 0x00000000d7b80000, 0x0000000100000000)
  eden space 16896K, 0% used [0x00000000d5f00000,0x00000000d5f00000,0x00000000d6f80000)
  from space 5632K, 8% used [0x00000000d7600000,0x00000000d7678000,0x00000000d7b80000)
  to   space 6144K, 0% used [0x00000000d6f80000,0x00000000d6f80000,0x00000000d7580000)
 ParOldGen       total 59904K, used 32843K [0x0000000081c00000, 0x0000000085680000, 0x00000000d5f00000)
  object space 59904K, 54% used [0x0000000081c00000,0x0000000083c12f30,0x0000000085680000)
 Metaspace       used 7369K, capacity 7411K, committed 7680K, reserved 1056768K
  class space    used 663K, capacity 688K, committed 768K, reserved 1048576K
}
Event: 885.347 GC heap before
{Heap before GC invocations=1067 (full 6):
 PSYoungGen      total 22528K, used 17376K [0x00000000d5f00000, 0x00000000d7b80000, 0x0000000100000000)
  eden space 16896K, 100% used [0x00000000d5f00000,0x00000000d6f80000,0x00000000d6f80000)
  from space 5632K, 8% used [0x00000000d7600000,0x00000000d7678000,0x00000000d7b80000)
  to   space 6144K, 0% used [0x00000000d6f80000,0x00000000d6f80000,0x00000000d7580000)
 ParOldGen       total 59904K, used 32843K [0x0000000081c00000, 0x0000000085680000, 0x00000000d5f00000)
  object space 59904K, 54% used [0x0000000081c00000,0x0000000083c12f30,0x0000000085680000)
 Metaspace       used 7369K, capacity 7411K, committed 7680K, reserved 1056768K
  class space    used 663K, capacity 688K, committed 768K, reserved 1048576K
Event: 885.373 GC heap after
Heap after GC invocations=1067 (full 6):
 PSYoungGen      total 23040K, used 480K [0x00000000d5f00000, 0x00000000d7b80000, 0x0000000100000000)
  eden space 16896K, 0% used [0x00000000d5f00000,0x00000000d5f00000,0x00000000d6f80000)
  from space 6144K, 7% used [0x00000000d6f80000,0x00000000d6ff8000,0x00000000d7580000)
  to   space 6144K, 0% used [0x00000000d7580000,0x00000000d7580000,0x00000000d7b80000)
 ParOldGen       total 59904K, used 33067K [0x0000000081c00000, 0x0000000085680000, 0x00000000d5f00000)
  object space 59904K, 55% used [0x0000000081c00000,0x0000000083c4af30,0x0000000085680000)
 Metaspace       used 7369K, capacity 7411K, committed 7680K, reserved 1056768K
  class space    used 663K, capacity 688K, committed 768K, reserved 1048576K
}
Event: 891.474 GC heap before
{Heap before GC invocations=1068 (full 6):
 PSYoungGen      total 23040K, used 17376K [0x00000000d5f00000, 0x00000000d7b80000, 0x0000000100000000)
  eden space 16896K, 100% used [0x00000000d5f00000,0x00000000d6f80000,0x00000000d6f80000)
  from space 6144K, 7% used [0x00000000d6f80000,0x00000000d6ff8000,0x00000000d7580000)
  to   space 6144K, 0% used [0x00000000d7580000,0x00000000d7580000,0x00000000d7b80000)
 ParOldGen       total 59904K, used 33067K [0x0000000081c00000, 0x0000000085680000, 0x00000000d5f00000)
  object space 59904K, 55% used [0x0000000081c00000,0x0000000083c4af30,0x0000000085680000)
 Metaspace       used 7369K, capacity 7411K, committed 7680K, reserved 1056768K
  class space    used 663K, capacity 688K, committed 768K, reserved 1048576K
Event: 891.503 GC heap after
Heap after GC invocations=1068 (full 6):
 PSYoungGen      total 22016K, used 544K [0x00000000d5f00000, 0x00000000d7a80000, 0x0000000100000000)
  eden space 16896K, 0% used [0x00000000d5f00000,0x00000000d5f00000,0x00000000d6f80000)
  from space 5120K, 10% used [0x00000000d7580000,0x00000000d7608000,0x00000000d7a80000)
  to   space 5632K, 0% used [0x00000000d6f80000,0x00000000d6f80000,0x00000000d7500000)
 ParOldGen       total 59904K, used 33283K [0x0000000081c00000, 0x0000000085680000, 0x00000000d5f00000)
  object space 59904K, 55% used [0x0000000081c00000,0x0000000083c80f30,0x0000000085680000)
 Metaspace       used 7369K, capacity 7411K, committed 7680K, reserved 1056768K
  class space    used 663K, capacity 688K, committed 768K, reserved 1048576K
}
Event: 898.292 GC heap before
{Heap before GC invocations=1069 (full 6):
 PSYoungGen      total 22016K, used 17440K [0x00000000d5f00000, 0x00000000d7a80000, 0x0000000100000000)
  eden space 16896K, 100% used [0x00000000d5f00000,0x00000000d6f80000,0x00000000d6f80000)
  from space 5120K, 10% used [0x00000000d7580000,0x00000000d7608000,0x00000000d7a80000)
  to   space 5632K, 0% used [0x00000000d6f80000,0x00000000d6f80000,0x00000000d7500000)
 ParOldGen       total 59904K, used 33283K [0x0000000081c00000, 0x0000000085680000, 0x00000000d5f00000)
  object space 59904K, 55% used [0x0000000081c00000,0x0000000083c80f30,0x0000000085680000)
 Metaspace       used 7369K, capacity 7411K, committed 7680K, reserved 1056768K
  class space    used 663K, capacity 688K, committed 768K, reserved 1048576K
Event: 898.330 GC heap after
Heap after GC invocations=1069 (full 6):
 PSYoungGen      total 17408K, used 480K [0x00000000d5f00000, 0x00000000d7980000, 0x0000000100000000)
  eden space 16896K, 0% used [0x00000000d5f00000,0x00000000d5f00000,0x00000000d6f80000)
  from space 512K, 93% used [0x00000000d6f80000,0x00000000d6ff8000,0x00000000d7000000)
  to   space 5120K, 0% used [0x00000000d7480000,0x00000000d7480000,0x00000000d7980000)
 ParOldGen       total 59904K, used 33499K [0x0000000081c00000, 0x0000000085680000, 0x00000000d5f00000)
  object space 59904K, 55% used [0x0000000081c00000,0x0000000083cb6f30,0x0000000085680000)
 Metaspace       used 7369K, capacity 7411K, committed 7680K, reserved 1056768K
  class space    used 663K, capacity 688K, committed 768K, reserved 1048576K
}

